<?xml version="1.0" encoding="UTF-8"?>
<!-- Generated by org.testng.reporters.JUnitXMLReporter -->
<testsuite ignored="0" hostname="2G53N13" failures="1" tests="1" name="Validate Title Test" time="0.01" errors="0" timestamp="2022-12-07T15:24:50 IST">
  <testcase classname="testcases.TestCase2" name="validateTitles" time="0.006">
    <failure type="java.lang.AssertionError" message="The following asserts failed:
	expected [Yahoo.com] but found [Gmail.com],
	image not present expected [false] but found [true],
	text box not present expected [false] but found [true]">
      <![CDATA[java.lang.AssertionError: The following asserts failed:
expected [Yahoo.com] but found [Gmail.com],
image not present expected [false] but found [true],
text box not present expected [false] but found [true]
at testcases.TestCase2.validateTitles(TestCase2.java:43)
at java.base/java.util.ArrayList.forEach(ArrayList.java:1511)
... Removed 30 stack frames]]>
    </failure>
  </testcase> <!-- validateTitles -->
</testsuite> <!-- Validate Title Test -->
